<?xml version="1.0" encoding="UTF-8"?>
<testsuite name="com.lemoneko.endfieldcharge.core.timeline.AnimationOptionsTest" tests="3" skipped="0" failures="0" errors="0" timestamp="2026-09-20T13:11:22" hostname="COMPUTER" time="0.017">
  <properties/>
  <testcase name="the remaining parameters clamp to their own ranges" classname="com.lemoneko.endfieldcharge.core.timeline.AnimationOptionsTest" time="0.001"/>
  <testcase name="defaults are inside every allowed range" classname="com.lemoneko.endfieldcharge.core.timeline.AnimationOptionsTest" time="0.0"/>
  <testcase name="duration is clamped to three through ten seconds" classname="com.lemoneko.endfieldcharge.core.timeline.AnimationOptionsTest" time="0.016"/>
  <system-out><![CDATA[]]></system-out>
  <system-err><![CDATA[]]></system-err>
</testsuite>
