<?xml version="1.0" encoding="UTF-8"?>
<testsuite name="com.lemoneko.endfieldcharge.core.timeline.HudCuesTest" tests="6" skipped="0" failures="0" errors="0" timestamp="2026-09-20T13:11:22" hostname="COMPUTER" time="0.057">
  <properties/>
  <testcase name="simple mapping also ascends and pins the intro" classname="com.lemoneko.endfieldcharge.core.timeline.HudCuesTest" time="0.022"/>
  <testcase name="every baseline cue stays inside the unit interval" classname="com.lemoneko.endfieldcharge.core.timeline.HudCuesTest" time="0.0"/>
  <testcase name="mapping pins both ends and never leaves the unit interval" classname="com.lemoneko.endfieldcharge.core.timeline.HudCuesTest" time="0.03"/>
  <testcase name="mapping is strictly increasing over every key frame" classname="com.lemoneko.endfieldcharge.core.timeline.HudCuesTest" time="0.002"/>
  <testcase name="baseline duration of six seconds maps identically" classname="com.lemoneko.endfieldcharge.core.timeline.HudCuesTest" time="0.0"/>
  <testcase name="intro segment keeps its absolute duration" classname="com.lemoneko.endfieldcharge.core.timeline.HudCuesTest" time="0.001"/>
  <system-out><![CDATA[]]></system-out>
  <system-err><![CDATA[]]></system-err>
</testsuite>
