<?xml version="1.0" encoding="UTF-8"?>
<testsuite name="com.lemoneko.endfieldcharge.core.settings.HudSettingsTest" tests="7" skipped="0" failures="0" errors="0" timestamp="2026-09-20T13:11:22" hostname="COMPUTER" time="0.13">
  <properties/>
  <testcase name="partial json keeps the declared defaults" classname="com.lemoneko.endfieldcharge.core.settings.HudSettingsTest" time="0.105"/>
  <testcase name="malformed json falls back to defaults instead of throwing" classname="com.lemoneko.endfieldcharge.core.settings.HudSettingsTest" time="0.006"/>
  <testcase name="out of range values are clamped" classname="com.lemoneko.endfieldcharge.core.settings.HudSettingsTest" time="0.0"/>
  <testcase name="json round trips every field" classname="com.lemoneko.endfieldcharge.core.settings.HudSettingsTest" time="0.011"/>
  <testcase name="defaults survive sanitizing unchanged" classname="com.lemoneko.endfieldcharge.core.settings.HudSettingsTest" time="0.0"/>
  <testcase name="an unknown language falls back to auto" classname="com.lemoneko.endfieldcharge.core.settings.HudSettingsTest" time="0.0"/>
  <testcase name="animation options inherit the clamped ranges" classname="com.lemoneko.endfieldcharge.core.settings.HudSettingsTest" time="0.002"/>
  <system-out><![CDATA[]]></system-out>
  <system-err><![CDATA[]]></system-err>
</testsuite>
